..\Dll\WLAN.pdb
C:\USERS\UPAL\DESKTOP\PROJECTS_9_32BITS\IDS\DLL\LIBWLAN.DLL
C:\Users\Upal\Desktop\Projects_9_32bits\IDS\Dll\WLAN.exp
C:\Users\Upal\Desktop\Projects_9_32bits\IDS\Dll\WLAN.lib
C:\USERS\UPAL\DESKTOP\PROJECTS_9_32BITS\IDS\DLL\WLAN.PDB
C:\USERS\UPAL\DESKTOP\PROJECTS_9_32BITS\IDS\WLAN\DEBUG\802_11_MAC.OBJ
C:\USERS\UPAL\DESKTOP\PROJECTS_9_32BITS\IDS\WLAN\DEBUG\802_11_PHY.OBJ
C:\USERS\UPAL\DESKTOP\PROJECTS_9_32BITS\IDS\WLAN\DEBUG\802_11AC.OBJ
C:\USERS\UPAL\DESKTOP\PROJECTS_9_32BITS\IDS\WLAN\DEBUG\802_11AG.OBJ
C:\USERS\UPAL\DESKTOP\PROJECTS_9_32BITS\IDS\WLAN\DEBUG\802_11B.OBJ
C:\USERS\UPAL\DESKTOP\PROJECTS_9_32BITS\IDS\WLAN\DEBUG\802_11E.OBJ
C:\USERS\UPAL\DESKTOP\PROJECTS_9_32BITS\IDS\WLAN\DEBUG\802_11N.OBJ
C:\USERS\UPAL\DESKTOP\PROJECTS_9_32BITS\IDS\WLAN\DEBUG\802_11N_ACAGGREGATION.OBJ
C:\Users\Upal\Desktop\Projects_9_32bits\IDS\WLAN\Debug\cl.command.1.tlog
C:\Users\Upal\Desktop\Projects_9_32bits\IDS\WLAN\Debug\CL.read.1.tlog
C:\Users\Upal\Desktop\Projects_9_32bits\IDS\WLAN\Debug\CL.write.1.tlog
C:\Users\Upal\Desktop\Projects_9_32bits\IDS\WLAN\Debug\link.6784.read.1.tlog
C:\Users\Upal\Desktop\Projects_9_32bits\IDS\WLAN\Debug\link.6784.write.1.tlog
C:\Users\Upal\Desktop\Projects_9_32bits\IDS\WLAN\Debug\link.command.1.tlog
C:\Users\Upal\Desktop\Projects_9_32bits\IDS\WLAN\Debug\link.read.1.tlog
C:\Users\Upal\Desktop\Projects_9_32bits\IDS\WLAN\Debug\link.write.1.tlog
C:\Users\Upal\Desktop\Projects_9_32bits\IDS\WLAN\Debug\mt.command.1.tlog
C:\Users\Upal\Desktop\Projects_9_32bits\IDS\WLAN\Debug\mt.read.1.tlog
C:\Users\Upal\Desktop\Projects_9_32bits\IDS\WLAN\Debug\mt.write.1.tlog
C:\USERS\UPAL\DESKTOP\PROJECTS_9_32BITS\IDS\WLAN\DEBUG\PMD_RX_SPECIFICATION_802_11ABGNAC.OBJ
C:\USERS\UPAL\DESKTOP\PROJECTS_9_32BITS\IDS\WLAN\DEBUG\POWERMODEL.OBJ
C:\Users\Upal\Desktop\Projects_9_32bits\IDS\WLAN\Debug\vc100.idb
C:\USERS\UPAL\DESKTOP\PROJECTS_9_32BITS\IDS\WLAN\DEBUG\VC100.PDB
C:\USERS\UPAL\DESKTOP\PROJECTS_9_32BITS\IDS\WLAN\DEBUG\WATCHDOG.OBJ
C:\USERS\UPAL\DESKTOP\PROJECTS_9_32BITS\IDS\WLAN\DEBUG\WLAN.DLL.INTERMEDIATE.MANIFEST
C:\USERS\UPAL\DESKTOP\PROJECTS_9_32BITS\IDS\WLAN\DEBUG\WLAN.OBJ
C:\Users\Upal\Desktop\Projects_9_32bits\IDS\WLAN\Debug\WLAN.write.1.tlog
