..\Dll\DSR.pdb
C:\Users\Upal\Desktop\Projects_9_32bits\IDS\Dll\DSR.exp
C:\Users\Upal\Desktop\Projects_9_32bits\IDS\Dll\DSR.lib
C:\USERS\UPAL\DESKTOP\PROJECTS_9_32BITS\IDS\DLL\DSR.PDB
C:\USERS\UPAL\DESKTOP\PROJECTS_9_32BITS\IDS\DLL\LIBDSR.DLL
C:\USERS\UPAL\DESKTOP\PROJECTS_9_32BITS\IDS\DSR\DEBUG\CHECKROUTEFOUND.OBJ
C:\Users\Upal\Desktop\Projects_9_32bits\IDS\DSR\Debug\cl.command.1.tlog
C:\Users\Upal\Desktop\Projects_9_32bits\IDS\DSR\Debug\CL.read.1.tlog
C:\Users\Upal\Desktop\Projects_9_32bits\IDS\DSR\Debug\CL.write.1.tlog
C:\USERS\UPAL\DESKTOP\PROJECTS_9_32BITS\IDS\DSR\DEBUG\DSR.DLL.INTERMEDIATE.MANIFEST
C:\USERS\UPAL\DESKTOP\PROJECTS_9_32BITS\IDS\DSR\DEBUG\DSR.OBJ
C:\Users\Upal\Desktop\Projects_9_32bits\IDS\DSR\Debug\DSR.write.1.tlog
C:\Users\Upal\Desktop\Projects_9_32bits\IDS\DSR\Debug\link.6316.read.1.tlog
C:\Users\Upal\Desktop\Projects_9_32bits\IDS\DSR\Debug\link.6316.write.1.tlog
C:\Users\Upal\Desktop\Projects_9_32bits\IDS\DSR\Debug\link.command.1.tlog
C:\Users\Upal\Desktop\Projects_9_32bits\IDS\DSR\Debug\link.read.1.tlog
C:\Users\Upal\Desktop\Projects_9_32bits\IDS\DSR\Debug\link.write.1.tlog
C:\USERS\UPAL\DESKTOP\PROJECTS_9_32BITS\IDS\DSR\DEBUG\MAINTBUFFER.OBJ
C:\USERS\UPAL\DESKTOP\PROJECTS_9_32BITS\IDS\DSR\DEBUG\MALICIOUS.OBJ
C:\Users\Upal\Desktop\Projects_9_32bits\IDS\DSR\Debug\mt.command.1.tlog
C:\Users\Upal\Desktop\Projects_9_32bits\IDS\DSR\Debug\mt.read.1.tlog
C:\Users\Upal\Desktop\Projects_9_32bits\IDS\DSR\Debug\mt.write.1.tlog
C:\USERS\UPAL\DESKTOP\PROJECTS_9_32BITS\IDS\DSR\DEBUG\NETWORK_LAYER_ACK.OBJ
C:\USERS\UPAL\DESKTOP\PROJECTS_9_32BITS\IDS\DSR\DEBUG\PACKETPROCESSING.OBJ
C:\USERS\UPAL\DESKTOP\PROJECTS_9_32BITS\IDS\DSR\DEBUG\PATHRATER.OBJ
C:\USERS\UPAL\DESKTOP\PROJECTS_9_32BITS\IDS\DSR\DEBUG\ROUTECACHE.OBJ
C:\USERS\UPAL\DESKTOP\PROJECTS_9_32BITS\IDS\DSR\DEBUG\ROUTEERROR.OBJ
C:\USERS\UPAL\DESKTOP\PROJECTS_9_32BITS\IDS\DSR\DEBUG\ROUTEREPLY.OBJ
C:\USERS\UPAL\DESKTOP\PROJECTS_9_32BITS\IDS\DSR\DEBUG\ROUTEREQUEST.OBJ
C:\USERS\UPAL\DESKTOP\PROJECTS_9_32BITS\IDS\DSR\DEBUG\SENDBUFFER.OBJ
C:\USERS\UPAL\DESKTOP\PROJECTS_9_32BITS\IDS\DSR\DEBUG\SOURCEROUTE.OBJ
C:\Users\Upal\Desktop\Projects_9_32bits\IDS\DSR\Debug\vc100.idb
C:\USERS\UPAL\DESKTOP\PROJECTS_9_32BITS\IDS\DSR\DEBUG\VC100.PDB
